<?xml version="1.0" encoding="UTF-8"?>
<!-- Generated by org.testng.reporters.JUnitReportReporter -->
<testsuite skipped="12" hostname="vasco-da-gama" name="testcases.rediff.StockManagement" tests="12" failures="0" timestamp="2023-03-01T15:55:42 IST" time="0.002" errors="0">
  <testcase name="modifyStock" time="0.000" classname="testcases.rediff.StockManagement">
    <skipped/>
  </testcase> <!-- modifyStock -->
  <system-out/>
  <testcase name="modifyStock" time="0.001" classname="testcases.rediff.StockManagement">
    <skipped/>
  </testcase> <!-- modifyStock -->
  <system-out/>
  <testcase name="verifyStockPresent" time="0.000" classname="testcases.rediff.StockManagement">
    <skipped/>
  </testcase> <!-- verifyStockPresent -->
  <system-out/>
  <testcase name="verifyStockQuantity" time="0.000" classname="testcases.rediff.StockManagement">
    <skipped/>
  </testcase> <!-- verifyStockQuantity -->
  <system-out/>
  <testcase name="verifyStockQuantity" time="0.000" classname="testcases.rediff.StockManagement">
    <skipped/>
  </testcase> <!-- verifyStockQuantity -->
  <system-out/>
  <testcase name="addNewStock" time="0.000" classname="testcases.rediff.StockManagement">
    <skipped/>
  </testcase> <!-- addNewStock -->
  <system-out/>
  <testcase name="verifyTransactionHistory" time="0.000" classname="testcases.rediff.StockManagement">
    <skipped/>
  </testcase> <!-- verifyTransactionHistory -->
  <system-out/>
  <testcase name="verifyTransactionHistory" time="0.000" classname="testcases.rediff.StockManagement">
    <skipped/>
  </testcase> <!-- verifyTransactionHistory -->
  <system-out/>
  <testcase name="verifyTransactionHistory" time="0.000" classname="testcases.rediff.StockManagement">
    <skipped/>
  </testcase> <!-- verifyTransactionHistory -->
  <system-out/>
  <testcase name="verifyStockPresent" time="0.001" classname="testcases.rediff.StockManagement">
    <skipped/>
  </testcase> <!-- verifyStockPresent -->
  <system-out/>
  <testcase name="verifyStockPresent" time="0.000" classname="testcases.rediff.StockManagement">
    <skipped/>
  </testcase> <!-- verifyStockPresent -->
  <system-out/>
  <testcase name="verifyStockQuantity" time="0.000" classname="testcases.rediff.StockManagement">
    <skipped/>
  </testcase> <!-- verifyStockQuantity -->
  <system-out/>
</testsuite> <!-- testcases.rediff.StockManagement -->
