<?xml version="1.0" encoding="UTF-8"?>
<!-- Generated by org.testng.reporters.JUnitReportReporter -->
<testsuite skipped="0" hostname="vasco-da-gama" name="testcases.CreatePortfolioTest" tests="1" failures="0" timestamp="2023-02-20T10:21:25 IST" time="4.971" errors="0">
  <testcase name="createPortFolioTest" time="4.971" classname="testcases.CreatePortfolioTest"/>
  <system-out/>
</testsuite> <!-- testcases.CreatePortfolioTest -->
